Copyright 1986-2020 Xilinx, Inc. All Rights Reserved.
--------------------------------------------------------------------------------------------------------------------------------------------------------------------------------
| Tool Version : Vivado v.2020.1 (win64) Build 2902540 Wed May 27 19:54:49 MDT 2020
| Date         : Fri Jul 28 18:09:12 2023
| Host         : SU running 64-bit major release  (build 9200)
| Command      : report_methodology -file red_pitaya_top_methodology_drc_routed.rpt -pb red_pitaya_top_methodology_drc_routed.pb -rpx red_pitaya_top_methodology_drc_routed.rpx
| Design       : red_pitaya_top
| Device       : xc7z010clg400-1
| Speed File   : -1
| Design State : Fully Routed
--------------------------------------------------------------------------------------------------------------------------------------------------------------------------------

Report Methodology

Table of Contents
-----------------
1. REPORT SUMMARY
2. REPORT DETAILS

1. REPORT SUMMARY
-----------------
            Netlist: netlist
          Floorplan: design_1
      Design limits: <entire design considered>
             Max violations: <unlimited>
             Violations found: 410
+-----------+------------------+------------------------------------------------------+------------+
| Rule      | Severity         | Description                                          | Violations |
+-----------+------------------+------------------------------------------------------+------------+
| TIMING-17 | Critical Warning | Non-clocked sequential cell                          | 274        |
| CKBF-1    | Warning          | connects_I_driver_BUFR                               | 1          |
| SYNTH-6   | Warning          | Timing of a RAM block might be sub-optimal           | 11         |
| SYNTH-11  | Warning          | DSP output not registered                            | 6          |
| SYNTH-16  | Warning          | Address collision                                    | 14         |
| TIMING-10 | Warning          | Missing property on synchronizer                     | 1          |
| TIMING-18 | Warning          | Missing input or output delay                        | 48         |
| TIMING-20 | Warning          | Non-clocked latch                                    | 17         |
| TIMING-28 | Warning          | Auto-derived clock referenced by a timing constraint | 1          |
| XDCC-5    | Warning          | User Non-Timing constraint/property overwritten      | 4          |
| XDCH-2    | Warning          | Same min and max delay values on IO port             | 32         |
| REQP-1959 | Advisory         | connects_SERDES_RST_driver_not_FF                    | 1          |
+-----------+------------------+------------------------------------------------------+------------+

2. REPORT DETAILS
-----------------
TIMING-17#1 Critical Warning
Non-clocked sequential cell  
The clock pin i_adc_clk_n/C is not reached by a timing clock
Related violations: <none>

TIMING-17#2 Critical Warning
Non-clocked sequential cell  
The clock pin i_adc_clk_p/C is not reached by a timing clock
Related violations: <none>

TIMING-17#3 Critical Warning
Non-clocked sequential cell  
The clock pin i_daisy/i_rx/bitslip_cnt_reg[0]/C is not reached by a timing clock
Related violations: <none>

TIMING-17#4 Critical Warning
Non-clocked sequential cell  
The clock pin i_daisy/i_rx/bitslip_cnt_reg[1]/C is not reached by a timing clock
Related violations: <none>

TIMING-17#5 Critical Warning
Non-clocked sequential cell  
The clock pin i_daisy/i_rx/bitslip_cnt_reg[2]/C is not reached by a timing clock
Related violations: <none>

TIMING-17#6 Critical Warning
Non-clocked sequential cell  
The clock pin i_daisy/i_rx/bitslip_cnt_reg[3]/C is not reached by a timing clock
Related violations: <none>

TIMING-17#7 Critical Warning
Non-clocked sequential cell  
The clock pin i_daisy/i_rx/bitslip_l_reg/C is not reached by a timing clock
Related violations: <none>

TIMING-17#8 Critical Warning
Non-clocked sequential cell  
The clock pin i_daisy/i_rx/bitslip_r_reg[1]_srl2/CLK is not reached by a timing clock
Related violations: <none>

TIMING-17#9 Critical Warning
Non-clocked sequential cell  
The clock pin i_daisy/i_rx/bitslip_r_reg[2]__0/C is not reached by a timing clock
Related violations: <none>

TIMING-17#10 Critical Warning
Non-clocked sequential cell  
The clock pin i_daisy/i_rx/bitslip_r_reg[3]/C is not reached by a timing clock
Related violations: <none>

TIMING-17#11 Critical Warning
Non-clocked sequential cell  
The clock pin i_daisy/i_rx/bitslip_reg/C is not reached by a timing clock
Related violations: <none>

TIMING-17#12 Critical Warning
Non-clocked sequential cell  
The clock pin i_daisy/i_rx/i_iserdese/CLK is not reached by a timing clock
Related violations: <none>

TIMING-17#13 Critical Warning
Non-clocked sequential cell  
The clock pin i_daisy/i_rx/i_iserdese/CLKB is not reached by a timing clock
Related violations: <none>

TIMING-17#14 Critical Warning
Non-clocked sequential cell  
The clock pin i_daisy/i_rx/i_iserdese/CLKDIV is not reached by a timing clock
Related violations: <none>

TIMING-17#15 Critical Warning
Non-clocked sequential cell  
The clock pin i_daisy/i_rx/nibslip_cnt_reg[0]/C is not reached by a timing clock
Related violations: <none>

TIMING-17#16 Critical Warning
Non-clocked sequential cell  
The clock pin i_daisy/i_rx/nibslip_cnt_reg[1]/C is not reached by a timing clock
Related violations: <none>

TIMING-17#17 Critical Warning
Non-clocked sequential cell  
The clock pin i_daisy/i_rx/nibslip_cnt_reg[2]/C is not reached by a timing clock
Related violations: <none>

TIMING-17#18 Critical Warning
Non-clocked sequential cell  
The clock pin i_daisy/i_rx/par_cnt_reg[0]/C is not reached by a timing clock
Related violations: <none>

TIMING-17#19 Critical Warning
Non-clocked sequential cell  
The clock pin i_daisy/i_rx/par_cnt_reg[1]/C is not reached by a timing clock
Related violations: <none>

TIMING-17#20 Critical Warning
Non-clocked sequential cell  
The clock pin i_daisy/i_rx/par_dat_or_reg[0]/C is not reached by a timing clock
Related violations: <none>

TIMING-17#21 Critical Warning
Non-clocked sequential cell  
The clock pin i_daisy/i_rx/par_dat_or_reg[10]/C is not reached by a timing clock
Related violations: <none>

TIMING-17#22 Critical Warning
Non-clocked sequential cell  
The clock pin i_daisy/i_rx/par_dat_or_reg[11]/C is not reached by a timing clock
Related violations: <none>

TIMING-17#23 Critical Warning
Non-clocked sequential cell  
The clock pin i_daisy/i_rx/par_dat_or_reg[12]/C is not reached by a timing clock
Related violations: <none>

TIMING-17#24 Critical Warning
Non-clocked sequential cell  
The clock pin i_daisy/i_rx/par_dat_or_reg[13]/C is not reached by a timing clock
Related violations: <none>

TIMING-17#25 Critical Warning
Non-clocked sequential cell  
The clock pin i_daisy/i_rx/par_dat_or_reg[14]/C is not reached by a timing clock
Related violations: <none>

TIMING-17#26 Critical Warning
Non-clocked sequential cell  
The clock pin i_daisy/i_rx/par_dat_or_reg[15]/C is not reached by a timing clock
Related violations: <none>

TIMING-17#27 Critical Warning
Non-clocked sequential cell  
The clock pin i_daisy/i_rx/par_dat_or_reg[1]/C is not reached by a timing clock
Related violations: <none>

TIMING-17#28 Critical Warning
Non-clocked sequential cell  
The clock pin i_daisy/i_rx/par_dat_or_reg[2]/C is not reached by a timing clock
Related violations: <none>

TIMING-17#29 Critical Warning
Non-clocked sequential cell  
The clock pin i_daisy/i_rx/par_dat_or_reg[3]/C is not reached by a timing clock
Related violations: <none>

TIMING-17#30 Critical Warning
Non-clocked sequential cell  
The clock pin i_daisy/i_rx/par_dat_or_reg[4]/C is not reached by a timing clock
Related violations: <none>

TIMING-17#31 Critical Warning
Non-clocked sequential cell  
The clock pin i_daisy/i_rx/par_dat_or_reg[5]/C is not reached by a timing clock
Related violations: <none>

TIMING-17#32 Critical Warning
Non-clocked sequential cell  
The clock pin i_daisy/i_rx/par_dat_or_reg[6]/C is not reached by a timing clock
Related violations: <none>

TIMING-17#33 Critical Warning
Non-clocked sequential cell  
The clock pin i_daisy/i_rx/par_dat_or_reg[7]/C is not reached by a timing clock
Related violations: <none>

TIMING-17#34 Critical Warning
Non-clocked sequential cell  
The clock pin i_daisy/i_rx/par_dat_or_reg[8]/C is not reached by a timing clock
Related violations: <none>

TIMING-17#35 Critical Warning
Non-clocked sequential cell  
The clock pin i_daisy/i_rx/par_dat_or_reg[9]/C is not reached by a timing clock
Related violations: <none>

TIMING-17#36 Critical Warning
Non-clocked sequential cell  
The clock pin i_daisy/i_rx/par_dat_r_reg[0]/C is not reached by a timing clock
Related violations: <none>

TIMING-17#37 Critical Warning
Non-clocked sequential cell  
The clock pin i_daisy/i_rx/par_dat_r_reg[10]/C is not reached by a timing clock
Related violations: <none>

TIMING-17#38 Critical Warning
Non-clocked sequential cell  
The clock pin i_daisy/i_rx/par_dat_r_reg[11]/C is not reached by a timing clock
Related violations: <none>

TIMING-17#39 Critical Warning
Non-clocked sequential cell  
The clock pin i_daisy/i_rx/par_dat_r_reg[12]/C is not reached by a timing clock
Related violations: <none>

TIMING-17#40 Critical Warning
Non-clocked sequential cell  
The clock pin i_daisy/i_rx/par_dat_r_reg[13]/C is not reached by a timing clock
Related violations: <none>

TIMING-17#41 Critical Warning
Non-clocked sequential cell  
The clock pin i_daisy/i_rx/par_dat_r_reg[14]/C is not reached by a timing clock
Related violations: <none>

TIMING-17#42 Critical Warning
Non-clocked sequential cell  
The clock pin i_daisy/i_rx/par_dat_r_reg[15]/C is not reached by a timing clock
Related violations: <none>

TIMING-17#43 Critical Warning
Non-clocked sequential cell  
The clock pin i_daisy/i_rx/par_dat_r_reg[1]/C is not reached by a timing clock
Related violations: <none>

TIMING-17#44 Critical Warning
Non-clocked sequential cell  
The clock pin i_daisy/i_rx/par_dat_r_reg[2]/C is not reached by a timing clock
Related violations: <none>

TIMING-17#45 Critical Warning
Non-clocked sequential cell  
The clock pin i_daisy/i_rx/par_dat_r_reg[3]/C is not reached by a timing clock
Related violations: <none>

TIMING-17#46 Critical Warning
Non-clocked sequential cell  
The clock pin i_daisy/i_rx/par_dat_r_reg[4]/C is not reached by a timing clock
Related violations: <none>

TIMING-17#47 Critical Warning
Non-clocked sequential cell  
The clock pin i_daisy/i_rx/par_dat_r_reg[5]/C is not reached by a timing clock
Related violations: <none>

TIMING-17#48 Critical Warning
Non-clocked sequential cell  
The clock pin i_daisy/i_rx/par_dat_r_reg[6]/C is not reached by a timing clock
Related violations: <none>

TIMING-17#49 Critical Warning
Non-clocked sequential cell  
The clock pin i_daisy/i_rx/par_dat_r_reg[7]/C is not reached by a timing clock
Related violations: <none>

TIMING-17#50 Critical Warning
Non-clocked sequential cell  
The clock pin i_daisy/i_rx/par_dat_r_reg[8]/C is not reached by a timing clock
Related violations: <none>

TIMING-17#51 Critical Warning
Non-clocked sequential cell  
The clock pin i_daisy/i_rx/par_dat_r_reg[9]/C is not reached by a timing clock
Related violations: <none>

TIMING-17#52 Critical Warning
Non-clocked sequential cell  
The clock pin i_daisy/i_rx/par_dat_reg[0]/C is not reached by a timing clock
Related violations: <none>

TIMING-17#53 Critical Warning
Non-clocked sequential cell  
The clock pin i_daisy/i_rx/par_dat_reg[10]/C is not reached by a timing clock
Related violations: <none>

TIMING-17#54 Critical Warning
Non-clocked sequential cell  
The clock pin i_daisy/i_rx/par_dat_reg[11]/C is not reached by a timing clock
Related violations: <none>

TIMING-17#55 Critical Warning
Non-clocked sequential cell  
The clock pin i_daisy/i_rx/par_dat_reg[12]/C is not reached by a timing clock
Related violations: <none>

TIMING-17#56 Critical Warning
Non-clocked sequential cell  
The clock pin i_daisy/i_rx/par_dat_reg[13]/C is not reached by a timing clock
Related violations: <none>

TIMING-17#57 Critical Warning
Non-clocked sequential cell  
The clock pin i_daisy/i_rx/par_dat_reg[14]/C is not reached by a timing clock
Related violations: <none>

TIMING-17#58 Critical Warning
Non-clocked sequential cell  
The clock pin i_daisy/i_rx/par_dat_reg[15]/C is not reached by a timing clock
Related violations: <none>

TIMING-17#59 Critical Warning
Non-clocked sequential cell  
The clock pin i_daisy/i_rx/par_dat_reg[1]/C is not reached by a timing clock
Related violations: <none>

TIMING-17#60 Critical Warning
Non-clocked sequential cell  
The clock pin i_daisy/i_rx/par_dat_reg[2]/C is not reached by a timing clock
Related violations: <none>

TIMING-17#61 Critical Warning
Non-clocked sequential cell  
The clock pin i_daisy/i_rx/par_dat_reg[3]/C is not reached by a timing clock
Related violations: <none>

TIMING-17#62 Critical Warning
Non-clocked sequential cell  
The clock pin i_daisy/i_rx/par_dat_reg[4]/C is not reached by a timing clock
Related violations: <none>

TIMING-17#63 Critical Warning
Non-clocked sequential cell  
The clock pin i_daisy/i_rx/par_dat_reg[5]/C is not reached by a timing clock
Related violations: <none>

TIMING-17#64 Critical Warning
Non-clocked sequential cell  
The clock pin i_daisy/i_rx/par_dat_reg[6]/C is not reached by a timing clock
Related violations: <none>

TIMING-17#65 Critical Warning
Non-clocked sequential cell  
The clock pin i_daisy/i_rx/par_dat_reg[7]/C is not reached by a timing clock
Related violations: <none>

TIMING-17#66 Critical Warning
Non-clocked sequential cell  
The clock pin i_daisy/i_rx/par_dat_reg[8]/C is not reached by a timing clock
Related violations: <none>

TIMING-17#67 Critical Warning
Non-clocked sequential cell  
The clock pin i_daisy/i_rx/par_dat_reg[9]/C is not reached by a timing clock
Related violations: <none>

TIMING-17#68 Critical Warning
Non-clocked sequential cell  
The clock pin i_daisy/i_rx/par_dv_or_reg/C is not reached by a timing clock
Related violations: <none>

TIMING-17#69 Critical Warning
Non-clocked sequential cell  
The clock pin i_daisy/i_rx/par_dv_reg/C is not reached by a timing clock
Related violations: <none>

TIMING-17#70 Critical Warning
Non-clocked sequential cell  
The clock pin i_daisy/i_rx/par_ok_reg/C is not reached by a timing clock
Related violations: <none>

TIMING-17#71 Critical Warning
Non-clocked sequential cell  
The clock pin i_daisy/i_rx/par_rstn_o_reg/C is not reached by a timing clock
Related violations: <none>

TIMING-17#72 Critical Warning
Non-clocked sequential cell  
The clock pin i_daisy/i_rx/par_rstn_r_reg[0]/C is not reached by a timing clock
Related violations: <none>

TIMING-17#73 Critical Warning
Non-clocked sequential cell  
The clock pin i_daisy/i_rx/par_rstn_r_reg[10]/C is not reached by a timing clock
Related violations: <none>

TIMING-17#74 Critical Warning
Non-clocked sequential cell  
The clock pin i_daisy/i_rx/par_rstn_r_reg[11]/C is not reached by a timing clock
Related violations: <none>

TIMING-17#75 Critical Warning
Non-clocked sequential cell  
The clock pin i_daisy/i_rx/par_rstn_r_reg[12]/C is not reached by a timing clock
Related violations: <none>

TIMING-17#76 Critical Warning
Non-clocked sequential cell  
The clock pin i_daisy/i_rx/par_rstn_r_reg[13]/C is not reached by a timing clock
Related violations: <none>

TIMING-17#77 Critical Warning
Non-clocked sequential cell  
The clock pin i_daisy/i_rx/par_rstn_r_reg[14]/C is not reached by a timing clock
Related violations: <none>

TIMING-17#78 Critical Warning
Non-clocked sequential cell  
The clock pin i_daisy/i_rx/par_rstn_r_reg[15]/C is not reached by a timing clock
Related violations: <none>

TIMING-17#79 Critical Warning
Non-clocked sequential cell  
The clock pin i_daisy/i_rx/par_rstn_r_reg[1]/C is not reached by a timing clock
Related violations: <none>

TIMING-17#80 Critical Warning
Non-clocked sequential cell  
The clock pin i_daisy/i_rx/par_rstn_r_reg[2]/C is not reached by a timing clock
Related violations: <none>

TIMING-17#81 Critical Warning
Non-clocked sequential cell  
The clock pin i_daisy/i_rx/par_rstn_r_reg[3]/C is not reached by a timing clock
Related violations: <none>

TIMING-17#82 Critical Warning
Non-clocked sequential cell  
The clock pin i_daisy/i_rx/par_rstn_r_reg[4]/C is not reached by a timing clock
Related violations: <none>

TIMING-17#83 Critical Warning
Non-clocked sequential cell  
The clock pin i_daisy/i_rx/par_rstn_r_reg[5]/C is not reached by a timing clock
Related violations: <none>

TIMING-17#84 Critical Warning
Non-clocked sequential cell  
The clock pin i_daisy/i_rx/par_rstn_r_reg[6]/C is not reached by a timing clock
Related violations: <none>

TIMING-17#85 Critical Warning
Non-clocked sequential cell  
The clock pin i_daisy/i_rx/par_rstn_r_reg[7]/C is not reached by a timing clock
Related violations: <none>

TIMING-17#86 Critical Warning
Non-clocked sequential cell  
The clock pin i_daisy/i_rx/par_rstn_r_reg[8]/C is not reached by a timing clock
Related violations: <none>

TIMING-17#87 Critical Warning
Non-clocked sequential cell  
The clock pin i_daisy/i_rx/par_rstn_r_reg[9]/C is not reached by a timing clock
Related violations: <none>

TIMING-17#88 Critical Warning
Non-clocked sequential cell  
The clock pin i_daisy/i_rx/par_rstn_reg/C is not reached by a timing clock
Related violations: <none>

TIMING-17#89 Critical Warning
Non-clocked sequential cell  
The clock pin i_daisy/i_rx/par_train_r_reg[0]/C is not reached by a timing clock
Related violations: <none>

TIMING-17#90 Critical Warning
Non-clocked sequential cell  
The clock pin i_daisy/i_rx/par_train_r_reg[1]/C is not reached by a timing clock
Related violations: <none>

TIMING-17#91 Critical Warning
Non-clocked sequential cell  
The clock pin i_daisy/i_rx/par_train_reg/C is not reached by a timing clock
Related violations: <none>

TIMING-17#92 Critical Warning
Non-clocked sequential cell  
The clock pin i_daisy/i_rx/par_val_reg/C is not reached by a timing clock
Related violations: <none>

TIMING-17#93 Critical Warning
Non-clocked sequential cell  
The clock pin i_daisy/i_test/rx_dat_cnt_reg[0]/C is not reached by a timing clock
Related violations: <none>

TIMING-17#94 Critical Warning
Non-clocked sequential cell  
The clock pin i_daisy/i_test/rx_dat_cnt_reg[10]/C is not reached by a timing clock
Related violations: <none>

TIMING-17#95 Critical Warning
Non-clocked sequential cell  
The clock pin i_daisy/i_test/rx_dat_cnt_reg[11]/C is not reached by a timing clock
Related violations: <none>

TIMING-17#96 Critical Warning
Non-clocked sequential cell  
The clock pin i_daisy/i_test/rx_dat_cnt_reg[12]/C is not reached by a timing clock
Related violations: <none>

TIMING-17#97 Critical Warning
Non-clocked sequential cell  
The clock pin i_daisy/i_test/rx_dat_cnt_reg[13]/C is not reached by a timing clock
Related violations: <none>

TIMING-17#98 Critical Warning
Non-clocked sequential cell  
The clock pin i_daisy/i_test/rx_dat_cnt_reg[14]/C is not reached by a timing clock
Related violations: <none>

TIMING-17#99 Critical Warning
Non-clocked sequential cell  
The clock pin i_daisy/i_test/rx_dat_cnt_reg[15]/C is not reached by a timing clock
Related violations: <none>

TIMING-17#100 Critical Warning
Non-clocked sequential cell  
The clock pin i_daisy/i_test/rx_dat_cnt_reg[16]/C is not reached by a timing clock
Related violations: <none>

TIMING-17#101 Critical Warning
Non-clocked sequential cell  
The clock pin i_daisy/i_test/rx_dat_cnt_reg[17]/C is not reached by a timing clock
Related violations: <none>

TIMING-17#102 Critical Warning
Non-clocked sequential cell  
The clock pin i_daisy/i_test/rx_dat_cnt_reg[18]/C is not reached by a timing clock
Related violations: <none>

TIMING-17#103 Critical Warning
Non-clocked sequential cell  
The clock pin i_daisy/i_test/rx_dat_cnt_reg[19]/C is not reached by a timing clock
Related violations: <none>

TIMING-17#104 Critical Warning
Non-clocked sequential cell  
The clock pin i_daisy/i_test/rx_dat_cnt_reg[1]/C is not reached by a timing clock
Related violations: <none>

TIMING-17#105 Critical Warning
Non-clocked sequential cell  
The clock pin i_daisy/i_test/rx_dat_cnt_reg[20]/C is not reached by a timing clock
Related violations: <none>

TIMING-17#106 Critical Warning
Non-clocked sequential cell  
The clock pin i_daisy/i_test/rx_dat_cnt_reg[21]/C is not reached by a timing clock
Related violations: <none>

TIMING-17#107 Critical Warning
Non-clocked sequential cell  
The clock pin i_daisy/i_test/rx_dat_cnt_reg[22]/C is not reached by a timing clock
Related violations: <none>

TIMING-17#108 Critical Warning
Non-clocked sequential cell  
The clock pin i_daisy/i_test/rx_dat_cnt_reg[23]/C is not reached by a timing clock
Related violations: <none>

TIMING-17#109 Critical Warning
Non-clocked sequential cell  
The clock pin i_daisy/i_test/rx_dat_cnt_reg[24]/C is not reached by a timing clock
Related violations: <none>

TIMING-17#110 Critical Warning
Non-clocked sequential cell  
The clock pin i_daisy/i_test/rx_dat_cnt_reg[25]/C is not reached by a timing clock
Related violations: <none>

TIMING-17#111 Critical Warning
Non-clocked sequential cell  
The clock pin i_daisy/i_test/rx_dat_cnt_reg[26]/C is not reached by a timing clock
Related violations: <none>

TIMING-17#112 Critical Warning
Non-clocked sequential cell  
The clock pin i_daisy/i_test/rx_dat_cnt_reg[27]/C is not reached by a timing clock
Related violations: <none>

TIMING-17#113 Critical Warning
Non-clocked sequential cell  
The clock pin i_daisy/i_test/rx_dat_cnt_reg[28]/C is not reached by a timing clock
Related violations: <none>

TIMING-17#114 Critical Warning
Non-clocked sequential cell  
The clock pin i_daisy/i_test/rx_dat_cnt_reg[29]/C is not reached by a timing clock
Related violations: <none>

TIMING-17#115 Critical Warning
Non-clocked sequential cell  
The clock pin i_daisy/i_test/rx_dat_cnt_reg[2]/C is not reached by a timing clock
Related violations: <none>

TIMING-17#116 Critical Warning
Non-clocked sequential cell  
The clock pin i_daisy/i_test/rx_dat_cnt_reg[30]/C is not reached by a timing clock
Related violations: <none>

TIMING-17#117 Critical Warning
Non-clocked sequential cell  
The clock pin i_daisy/i_test/rx_dat_cnt_reg[31]/C is not reached by a timing clock
Related violations: <none>

TIMING-17#118 Critical Warning
Non-clocked sequential cell  
The clock pin i_daisy/i_test/rx_dat_cnt_reg[3]/C is not reached by a timing clock
Related violations: <none>

TIMING-17#119 Critical Warning
Non-clocked sequential cell  
The clock pin i_daisy/i_test/rx_dat_cnt_reg[4]/C is not reached by a timing clock
Related violations: <none>

TIMING-17#120 Critical Warning
Non-clocked sequential cell  
The clock pin i_daisy/i_test/rx_dat_cnt_reg[5]/C is not reached by a timing clock
Related violations: <none>

TIMING-17#121 Critical Warning
Non-clocked sequential cell  
The clock pin i_daisy/i_test/rx_dat_cnt_reg[6]/C is not reached by a timing clock
Related violations: <none>

TIMING-17#122 Critical Warning
Non-clocked sequential cell  
The clock pin i_daisy/i_test/rx_dat_cnt_reg[7]/C is not reached by a timing clock
Related violations: <none>

TIMING-17#123 Critical Warning
Non-clocked sequential cell  
The clock pin i_daisy/i_test/rx_dat_cnt_reg[8]/C is not reached by a timing clock
Related violations: <none>

TIMING-17#124 Critical Warning
Non-clocked sequential cell  
The clock pin i_daisy/i_test/rx_dat_cnt_reg[9]/C is not reached by a timing clock
Related violations: <none>

TIMING-17#125 Critical Warning
Non-clocked sequential cell  
The clock pin i_daisy/i_test/rx_dat_inc_reg/C is not reached by a timing clock
Related violations: <none>

TIMING-17#126 Critical Warning
Non-clocked sequential cell  
The clock pin i_daisy/i_test/rx_dat_reg[0]/C is not reached by a timing clock
Related violations: <none>

TIMING-17#127 Critical Warning
Non-clocked sequential cell  
The clock pin i_daisy/i_test/rx_dat_reg[10]/C is not reached by a timing clock
Related violations: <none>

TIMING-17#128 Critical Warning
Non-clocked sequential cell  
The clock pin i_daisy/i_test/rx_dat_reg[11]/C is not reached by a timing clock
Related violations: <none>

TIMING-17#129 Critical Warning
Non-clocked sequential cell  
The clock pin i_daisy/i_test/rx_dat_reg[12]/C is not reached by a timing clock
Related violations: <none>

TIMING-17#130 Critical Warning
Non-clocked sequential cell  
The clock pin i_daisy/i_test/rx_dat_reg[13]/C is not reached by a timing clock
Related violations: <none>

TIMING-17#131 Critical Warning
Non-clocked sequential cell  
The clock pin i_daisy/i_test/rx_dat_reg[14]/C is not reached by a timing clock
Related violations: <none>

TIMING-17#132 Critical Warning
Non-clocked sequential cell  
The clock pin i_daisy/i_test/rx_dat_reg[15]/C is not reached by a timing clock
Related violations: <none>

TIMING-17#133 Critical Warning
Non-clocked sequential cell  
The clock pin i_daisy/i_test/rx_dat_reg[1]/C is not reached by a timing clock
Related violations: <none>

TIMING-17#134 Critical Warning
Non-clocked sequential cell  
The clock pin i_daisy/i_test/rx_dat_reg[2]/C is not reached by a timing clock
Related violations: <none>

TIMING-17#135 Critical Warning
Non-clocked sequential cell  
The clock pin i_daisy/i_test/rx_dat_reg[3]/C is not reached by a timing clock
Related violations: <none>

TIMING-17#136 Critical Warning
Non-clocked sequential cell  
The clock pin i_daisy/i_test/rx_dat_reg[4]/C is not reached by a timing clock
Related violations: <none>

TIMING-17#137 Critical Warning
Non-clocked sequential cell  
The clock pin i_daisy/i_test/rx_dat_reg[5]/C is not reached by a timing clock
Related violations: <none>

TIMING-17#138 Critical Warning
Non-clocked sequential cell  
The clock pin i_daisy/i_test/rx_dat_reg[6]/C is not reached by a timing clock
Related violations: <none>

TIMING-17#139 Critical Warning
Non-clocked sequential cell  
The clock pin i_daisy/i_test/rx_dat_reg[7]/C is not reached by a timing clock
Related violations: <none>

TIMING-17#140 Critical Warning
Non-clocked sequential cell  
The clock pin i_daisy/i_test/rx_dat_reg[8]/C is not reached by a timing clock
Related violations: <none>

TIMING-17#141 Critical Warning
Non-clocked sequential cell  
The clock pin i_daisy/i_test/rx_dat_reg[9]/C is not reached by a timing clock
Related violations: <none>

TIMING-17#142 Critical Warning
Non-clocked sequential cell  
The clock pin i_daisy/i_test/rx_dv_reg/C is not reached by a timing clock
Related violations: <none>

TIMING-17#143 Critical Warning
Non-clocked sequential cell  
The clock pin i_daisy/i_test/rx_err_cnt_reg[0]/C is not reached by a timing clock
Related violations: <none>

TIMING-17#144 Critical Warning
Non-clocked sequential cell  
The clock pin i_daisy/i_test/rx_err_cnt_reg[10]/C is not reached by a timing clock
Related violations: <none>

TIMING-17#145 Critical Warning
Non-clocked sequential cell  
The clock pin i_daisy/i_test/rx_err_cnt_reg[11]/C is not reached by a timing clock
Related violations: <none>

TIMING-17#146 Critical Warning
Non-clocked sequential cell  
The clock pin i_daisy/i_test/rx_err_cnt_reg[12]/C is not reached by a timing clock
Related violations: <none>

TIMING-17#147 Critical Warning
Non-clocked sequential cell  
The clock pin i_daisy/i_test/rx_err_cnt_reg[13]/C is not reached by a timing clock
Related violations: <none>

TIMING-17#148 Critical Warning
Non-clocked sequential cell  
The clock pin i_daisy/i_test/rx_err_cnt_reg[14]/C is not reached by a timing clock
Related violations: <none>

TIMING-17#149 Critical Warning
Non-clocked sequential cell  
The clock pin i_daisy/i_test/rx_err_cnt_reg[15]/C is not reached by a timing clock
Related violations: <none>

TIMING-17#150 Critical Warning
Non-clocked sequential cell  
The clock pin i_daisy/i_test/rx_err_cnt_reg[16]/C is not reached by a timing clock
Related violations: <none>

TIMING-17#151 Critical Warning
Non-clocked sequential cell  
The clock pin i_daisy/i_test/rx_err_cnt_reg[17]/C is not reached by a timing clock
Related violations: <none>

TIMING-17#152 Critical Warning
Non-clocked sequential cell  
The clock pin i_daisy/i_test/rx_err_cnt_reg[18]/C is not reached by a timing clock
Related violations: <none>

TIMING-17#153 Critical Warning
Non-clocked sequential cell  
The clock pin i_daisy/i_test/rx_err_cnt_reg[19]/C is not reached by a timing clock
Related violations: <none>

TIMING-17#154 Critical Warning
Non-clocked sequential cell  
The clock pin i_daisy/i_test/rx_err_cnt_reg[1]/C is not reached by a timing clock
Related violations: <none>

TIMING-17#155 Critical Warning
Non-clocked sequential cell  
The clock pin i_daisy/i_test/rx_err_cnt_reg[20]/C is not reached by a timing clock
Related violations: <none>

TIMING-17#156 Critical Warning
Non-clocked sequential cell  
The clock pin i_daisy/i_test/rx_err_cnt_reg[21]/C is not reached by a timing clock
Related violations: <none>

TIMING-17#157 Critical Warning
Non-clocked sequential cell  
The clock pin i_daisy/i_test/rx_err_cnt_reg[22]/C is not reached by a timing clock
Related violations: <none>

TIMING-17#158 Critical Warning
Non-clocked sequential cell  
The clock pin i_daisy/i_test/rx_err_cnt_reg[23]/C is not reached by a timing clock
Related violations: <none>

TIMING-17#159 Critical Warning
Non-clocked sequential cell  
The clock pin i_daisy/i_test/rx_err_cnt_reg[24]/C is not reached by a timing clock
Related violations: <none>

TIMING-17#160 Critical Warning
Non-clocked sequential cell  
The clock pin i_daisy/i_test/rx_err_cnt_reg[25]/C is not reached by a timing clock
Related violations: <none>

TIMING-17#161 Critical Warning
Non-clocked sequential cell  
The clock pin i_daisy/i_test/rx_err_cnt_reg[26]/C is not reached by a timing clock
Related violations: <none>

TIMING-17#162 Critical Warning
Non-clocked sequential cell  
The clock pin i_daisy/i_test/rx_err_cnt_reg[27]/C is not reached by a timing clock
Related violations: <none>

TIMING-17#163 Critical Warning
Non-clocked sequential cell  
The clock pin i_daisy/i_test/rx_err_cnt_reg[28]/C is not reached by a timing clock
Related violations: <none>

TIMING-17#164 Critical Warning
Non-clocked sequential cell  
The clock pin i_daisy/i_test/rx_err_cnt_reg[29]/C is not reached by a timing clock
Related violations: <none>

TIMING-17#165 Critical Warning
Non-clocked sequential cell  
The clock pin i_daisy/i_test/rx_err_cnt_reg[2]/C is not reached by a timing clock
Related violations: <none>

TIMING-17#166 Critical Warning
Non-clocked sequential cell  
The clock pin i_daisy/i_test/rx_err_cnt_reg[30]/C is not reached by a timing clock
Related violations: <none>

TIMING-17#167 Critical Warning
Non-clocked sequential cell  
The clock pin i_daisy/i_test/rx_err_cnt_reg[31]/C is not reached by a timing clock
Related violations: <none>

TIMING-17#168 Critical Warning
Non-clocked sequential cell  
The clock pin i_daisy/i_test/rx_err_cnt_reg[3]/C is not reached by a timing clock
Related violations: <none>

TIMING-17#169 Critical Warning
Non-clocked sequential cell  
The clock pin i_daisy/i_test/rx_err_cnt_reg[4]/C is not reached by a timing clock
Related violations: <none>

TIMING-17#170 Critical Warning
Non-clocked sequential cell  
The clock pin i_daisy/i_test/rx_err_cnt_reg[5]/C is not reached by a timing clock
Related violations: <none>

TIMING-17#171 Critical Warning
Non-clocked sequential cell  
The clock pin i_daisy/i_test/rx_err_cnt_reg[6]/C is not reached by a timing clock
Related violations: <none>

TIMING-17#172 Critical Warning
Non-clocked sequential cell  
The clock pin i_daisy/i_test/rx_err_cnt_reg[7]/C is not reached by a timing clock
Related violations: <none>

TIMING-17#173 Critical Warning
Non-clocked sequential cell  
The clock pin i_daisy/i_test/rx_err_cnt_reg[8]/C is not reached by a timing clock
Related violations: <none>

TIMING-17#174 Critical Warning
Non-clocked sequential cell  
The clock pin i_daisy/i_test/rx_err_cnt_reg[9]/C is not reached by a timing clock
Related violations: <none>

TIMING-17#175 Critical Warning
Non-clocked sequential cell  
The clock pin i_daisy/i_test/rx_err_inc_reg/C is not reached by a timing clock
Related violations: <none>

TIMING-17#176 Critical Warning
Non-clocked sequential cell  
The clock pin i_daisy/i_test/stat_dat_o_reg[0]/C is not reached by a timing clock
Related violations: <none>

TIMING-17#177 Critical Warning
Non-clocked sequential cell  
The clock pin i_daisy/i_test/stat_dat_o_reg[10]/C is not reached by a timing clock
Related violations: <none>

TIMING-17#178 Critical Warning
Non-clocked sequential cell  
The clock pin i_daisy/i_test/stat_dat_o_reg[11]/C is not reached by a timing clock
Related violations: <none>

TIMING-17#179 Critical Warning
Non-clocked sequential cell  
The clock pin i_daisy/i_test/stat_dat_o_reg[12]/C is not reached by a timing clock
Related violations: <none>

TIMING-17#180 Critical Warning
Non-clocked sequential cell  
The clock pin i_daisy/i_test/stat_dat_o_reg[13]/C is not reached by a timing clock
Related violations: <none>

TIMING-17#181 Critical Warning
Non-clocked sequential cell  
The clock pin i_daisy/i_test/stat_dat_o_reg[14]/C is not reached by a timing clock
Related violations: <none>

TIMING-17#182 Critical Warning
Non-clocked sequential cell  
The clock pin i_daisy/i_test/stat_dat_o_reg[15]/C is not reached by a timing clock
Related violations: <none>

TIMING-17#183 Critical Warning
Non-clocked sequential cell  
The clock pin i_daisy/i_test/stat_dat_o_reg[16]/C is not reached by a timing clock
Related violations: <none>

TIMING-17#184 Critical Warning
Non-clocked sequential cell  
The clock pin i_daisy/i_test/stat_dat_o_reg[17]/C is not reached by a timing clock
Related violations: <none>

TIMING-17#185 Critical Warning
Non-clocked sequential cell  
The clock pin i_daisy/i_test/stat_dat_o_reg[18]/C is not reached by a timing clock
Related violations: <none>

TIMING-17#186 Critical Warning
Non-clocked sequential cell  
The clock pin i_daisy/i_test/stat_dat_o_reg[19]/C is not reached by a timing clock
Related violations: <none>

TIMING-17#187 Critical Warning
Non-clocked sequential cell  
The clock pin i_daisy/i_test/stat_dat_o_reg[1]/C is not reached by a timing clock
Related violations: <none>

TIMING-17#188 Critical Warning
Non-clocked sequential cell  
The clock pin i_daisy/i_test/stat_dat_o_reg[20]/C is not reached by a timing clock
Related violations: <none>

TIMING-17#189 Critical Warning
Non-clocked sequential cell  
The clock pin i_daisy/i_test/stat_dat_o_reg[21]/C is not reached by a timing clock
Related violations: <none>

TIMING-17#190 Critical Warning
Non-clocked sequential cell  
The clock pin i_daisy/i_test/stat_dat_o_reg[22]/C is not reached by a timing clock
Related violations: <none>

TIMING-17#191 Critical Warning
Non-clocked sequential cell  
The clock pin i_daisy/i_test/stat_dat_o_reg[23]/C is not reached by a timing clock
Related violations: <none>

TIMING-17#192 Critical Warning
Non-clocked sequential cell  
The clock pin i_daisy/i_test/stat_dat_o_reg[24]/C is not reached by a timing clock
Related violations: <none>

TIMING-17#193 Critical Warning
Non-clocked sequential cell  
The clock pin i_daisy/i_test/stat_dat_o_reg[25]/C is not reached by a timing clock
Related violations: <none>

TIMING-17#194 Critical Warning
Non-clocked sequential cell  
The clock pin i_daisy/i_test/stat_dat_o_reg[26]/C is not reached by a timing clock
Related violations: <none>

TIMING-17#195 Critical Warning
Non-clocked sequential cell  
The clock pin i_daisy/i_test/stat_dat_o_reg[27]/C is not reached by a timing clock
Related violations: <none>

TIMING-17#196 Critical Warning
Non-clocked sequential cell  
The clock pin i_daisy/i_test/stat_dat_o_reg[28]/C is not reached by a timing clock
Related violations: <none>

TIMING-17#197 Critical Warning
Non-clocked sequential cell  
The clock pin i_daisy/i_test/stat_dat_o_reg[29]/C is not reached by a timing clock
Related violations: <none>

TIMING-17#198 Critical Warning
Non-clocked sequential cell  
The clock pin i_daisy/i_test/stat_dat_o_reg[2]/C is not reached by a timing clock
Related violations: <none>

TIMING-17#199 Critical Warning
Non-clocked sequential cell  
The clock pin i_daisy/i_test/stat_dat_o_reg[30]/C is not reached by a timing clock
Related violations: <none>

TIMING-17#200 Critical Warning
Non-clocked sequential cell  
The clock pin i_daisy/i_test/stat_dat_o_reg[31]/C is not reached by a timing clock
Related violations: <none>

TIMING-17#201 Critical Warning
Non-clocked sequential cell  
The clock pin i_daisy/i_test/stat_dat_o_reg[3]/C is not reached by a timing clock
Related violations: <none>

TIMING-17#202 Critical Warning
Non-clocked sequential cell  
The clock pin i_daisy/i_test/stat_dat_o_reg[4]/C is not reached by a timing clock
Related violations: <none>

TIMING-17#203 Critical Warning
Non-clocked sequential cell  
The clock pin i_daisy/i_test/stat_dat_o_reg[5]/C is not reached by a timing clock
Related violations: <none>

TIMING-17#204 Critical Warning
Non-clocked sequential cell  
The clock pin i_daisy/i_test/stat_dat_o_reg[6]/C is not reached by a timing clock
Related violations: <none>

TIMING-17#205 Critical Warning
Non-clocked sequential cell  
The clock pin i_daisy/i_test/stat_dat_o_reg[7]/C is not reached by a timing clock
Related violations: <none>

TIMING-17#206 Critical Warning
Non-clocked sequential cell  
The clock pin i_daisy/i_test/stat_dat_o_reg[8]/C is not reached by a timing clock
Related violations: <none>

TIMING-17#207 Critical Warning
Non-clocked sequential cell  
The clock pin i_daisy/i_test/stat_dat_o_reg[9]/C is not reached by a timing clock
Related violations: <none>

TIMING-17#208 Critical Warning
Non-clocked sequential cell  
The clock pin i_daisy/i_test/stat_err_o_reg[0]/C is not reached by a timing clock
Related violations: <none>

TIMING-17#209 Critical Warning
Non-clocked sequential cell  
The clock pin i_daisy/i_test/stat_err_o_reg[10]/C is not reached by a timing clock
Related violations: <none>

TIMING-17#210 Critical Warning
Non-clocked sequential cell  
The clock pin i_daisy/i_test/stat_err_o_reg[11]/C is not reached by a timing clock
Related violations: <none>

TIMING-17#211 Critical Warning
Non-clocked sequential cell  
The clock pin i_daisy/i_test/stat_err_o_reg[12]/C is not reached by a timing clock
Related violations: <none>

TIMING-17#212 Critical Warning
Non-clocked sequential cell  
The clock pin i_daisy/i_test/stat_err_o_reg[13]/C is not reached by a timing clock
Related violations: <none>

TIMING-17#213 Critical Warning
Non-clocked sequential cell  
The clock pin i_daisy/i_test/stat_err_o_reg[14]/C is not reached by a timing clock
Related violations: <none>

TIMING-17#214 Critical Warning
Non-clocked sequential cell  
The clock pin i_daisy/i_test/stat_err_o_reg[15]/C is not reached by a timing clock
Related violations: <none>

TIMING-17#215 Critical Warning
Non-clocked sequential cell  
The clock pin i_daisy/i_test/stat_err_o_reg[16]/C is not reached by a timing clock
Related violations: <none>

TIMING-17#216 Critical Warning
Non-clocked sequential cell  
The clock pin i_daisy/i_test/stat_err_o_reg[17]/C is not reached by a timing clock
Related violations: <none>

TIMING-17#217 Critical Warning
Non-clocked sequential cell  
The clock pin i_daisy/i_test/stat_err_o_reg[18]/C is not reached by a timing clock
Related violations: <none>

TIMING-17#218 Critical Warning
Non-clocked sequential cell  
The clock pin i_daisy/i_test/stat_err_o_reg[19]/C is not reached by a timing clock
Related violations: <none>

TIMING-17#219 Critical Warning
Non-clocked sequential cell  
The clock pin i_daisy/i_test/stat_err_o_reg[1]/C is not reached by a timing clock
Related violations: <none>

TIMING-17#220 Critical Warning
Non-clocked sequential cell  
The clock pin i_daisy/i_test/stat_err_o_reg[20]/C is not reached by a timing clock
Related violations: <none>

TIMING-17#221 Critical Warning
Non-clocked sequential cell  
The clock pin i_daisy/i_test/stat_err_o_reg[21]/C is not reached by a timing clock
Related violations: <none>

TIMING-17#222 Critical Warning
Non-clocked sequential cell  
The clock pin i_daisy/i_test/stat_err_o_reg[22]/C is not reached by a timing clock
Related violations: <none>

TIMING-17#223 Critical Warning
Non-clocked sequential cell  
The clock pin i_daisy/i_test/stat_err_o_reg[23]/C is not reached by a timing clock
Related violations: <none>

TIMING-17#224 Critical Warning
Non-clocked sequential cell  
The clock pin i_daisy/i_test/stat_err_o_reg[24]/C is not reached by a timing clock
Related violations: <none>

TIMING-17#225 Critical Warning
Non-clocked sequential cell  
The clock pin i_daisy/i_test/stat_err_o_reg[25]/C is not reached by a timing clock
Related violations: <none>

TIMING-17#226 Critical Warning
Non-clocked sequential cell  
The clock pin i_daisy/i_test/stat_err_o_reg[26]/C is not reached by a timing clock
Related violations: <none>

TIMING-17#227 Critical Warning
Non-clocked sequential cell  
The clock pin i_daisy/i_test/stat_err_o_reg[27]/C is not reached by a timing clock
Related violations: <none>

TIMING-17#228 Critical Warning
Non-clocked sequential cell  
The clock pin i_daisy/i_test/stat_err_o_reg[28]/C is not reached by a timing clock
Related violations: <none>

TIMING-17#229 Critical Warning
Non-clocked sequential cell  
The clock pin i_daisy/i_test/stat_err_o_reg[29]/C is not reached by a timing clock
Related violations: <none>

TIMING-17#230 Critical Warning
Non-clocked sequential cell  
The clock pin i_daisy/i_test/stat_err_o_reg[2]/C is not reached by a timing clock
Related violations: <none>

TIMING-17#231 Critical Warning
Non-clocked sequential cell  
The clock pin i_daisy/i_test/stat_err_o_reg[30]/C is not reached by a timing clock
Related violations: <none>

TIMING-17#232 Critical Warning
Non-clocked sequential cell  
The clock pin i_daisy/i_test/stat_err_o_reg[31]/C is not reached by a timing clock
Related violations: <none>

TIMING-17#233 Critical Warning
Non-clocked sequential cell  
The clock pin i_daisy/i_test/stat_err_o_reg[3]/C is not reached by a timing clock
Related violations: <none>

TIMING-17#234 Critical Warning
Non-clocked sequential cell  
The clock pin i_daisy/i_test/stat_err_o_reg[4]/C is not reached by a timing clock
Related violations: <none>

TIMING-17#235 Critical Warning
Non-clocked sequential cell  
The clock pin i_daisy/i_test/stat_err_o_reg[5]/C is not reached by a timing clock
Related violations: <none>

TIMING-17#236 Critical Warning
Non-clocked sequential cell  
The clock pin i_daisy/i_test/stat_err_o_reg[6]/C is not reached by a timing clock
Related violations: <none>

TIMING-17#237 Critical Warning
Non-clocked sequential cell  
The clock pin i_daisy/i_test/stat_err_o_reg[7]/C is not reached by a timing clock
Related violations: <none>

TIMING-17#238 Critical Warning
Non-clocked sequential cell  
The clock pin i_daisy/i_test/stat_err_o_reg[8]/C is not reached by a timing clock
Related violations: <none>

TIMING-17#239 Critical Warning
Non-clocked sequential cell  
The clock pin i_daisy/i_test/stat_err_o_reg[9]/C is not reached by a timing clock
Related violations: <none>

TIMING-17#240 Critical Warning
Non-clocked sequential cell  
The clock pin i_daisy/rxp_dat_n_reg[0]/C is not reached by a timing clock
Related violations: <none>

TIMING-17#241 Critical Warning
Non-clocked sequential cell  
The clock pin i_daisy/rxp_dat_n_reg[10]/C is not reached by a timing clock
Related violations: <none>

TIMING-17#242 Critical Warning
Non-clocked sequential cell  
The clock pin i_daisy/rxp_dat_n_reg[11]/C is not reached by a timing clock
Related violations: <none>

TIMING-17#243 Critical Warning
Non-clocked sequential cell  
The clock pin i_daisy/rxp_dat_n_reg[12]/C is not reached by a timing clock
Related violations: <none>

TIMING-17#244 Critical Warning
Non-clocked sequential cell  
The clock pin i_daisy/rxp_dat_n_reg[13]/C is not reached by a timing clock
Related violations: <none>

TIMING-17#245 Critical Warning
Non-clocked sequential cell  
The clock pin i_daisy/rxp_dat_n_reg[14]/C is not reached by a timing clock
Related violations: <none>

TIMING-17#246 Critical Warning
Non-clocked sequential cell  
The clock pin i_daisy/rxp_dat_n_reg[15]/C is not reached by a timing clock
Related violations: <none>

TIMING-17#247 Critical Warning
Non-clocked sequential cell  
The clock pin i_daisy/rxp_dat_n_reg[1]/C is not reached by a timing clock
Related violations: <none>

TIMING-17#248 Critical Warning
Non-clocked sequential cell  
The clock pin i_daisy/rxp_dat_n_reg[2]/C is not reached by a timing clock
Related violations: <none>

TIMING-17#249 Critical Warning
Non-clocked sequential cell  
The clock pin i_daisy/rxp_dat_n_reg[3]/C is not reached by a timing clock
Related violations: <none>

TIMING-17#250 Critical Warning
Non-clocked sequential cell  
The clock pin i_daisy/rxp_dat_n_reg[4]/C is not reached by a timing clock
Related violations: <none>

TIMING-17#251 Critical Warning
Non-clocked sequential cell  
The clock pin i_daisy/rxp_dat_n_reg[5]/C is not reached by a timing clock
Related violations: <none>

TIMING-17#252 Critical Warning
Non-clocked sequential cell  
The clock pin i_daisy/rxp_dat_n_reg[6]/C is not reached by a timing clock
Related violations: <none>

TIMING-17#253 Critical Warning
Non-clocked sequential cell  
The clock pin i_daisy/rxp_dat_n_reg[7]/C is not reached by a timing clock
Related violations: <none>

TIMING-17#254 Critical Warning
Non-clocked sequential cell  
The clock pin i_daisy/rxp_dat_n_reg[8]/C is not reached by a timing clock
Related violations: <none>

TIMING-17#255 Critical Warning
Non-clocked sequential cell  
The clock pin i_daisy/rxp_dat_n_reg[9]/C is not reached by a timing clock
Related violations: <none>

TIMING-17#256 Critical Warning
Non-clocked sequential cell  
The clock pin i_daisy/rxp_datr_reg[0]/C is not reached by a timing clock
Related violations: <none>

TIMING-17#257 Critical Warning
Non-clocked sequential cell  
The clock pin i_daisy/rxp_datr_reg[10]/C is not reached by a timing clock
Related violations: <none>

TIMING-17#258 Critical Warning
Non-clocked sequential cell  
The clock pin i_daisy/rxp_datr_reg[11]/C is not reached by a timing clock
Related violations: <none>

TIMING-17#259 Critical Warning
Non-clocked sequential cell  
The clock pin i_daisy/rxp_datr_reg[12]/C is not reached by a timing clock
Related violations: <none>

TIMING-17#260 Critical Warning
Non-clocked sequential cell  
The clock pin i_daisy/rxp_datr_reg[13]/C is not reached by a timing clock
Related violations: <none>

TIMING-17#261 Critical Warning
Non-clocked sequential cell  
The clock pin i_daisy/rxp_datr_reg[14]/C is not reached by a timing clock
Related violations: <none>

TIMING-17#262 Critical Warning
Non-clocked sequential cell  
The clock pin i_daisy/rxp_datr_reg[15]/C is not reached by a timing clock
Related violations: <none>

TIMING-17#263 Critical Warning
Non-clocked sequential cell  
The clock pin i_daisy/rxp_datr_reg[1]/C is not reached by a timing clock
Related violations: <none>

TIMING-17#264 Critical Warning
Non-clocked sequential cell  
The clock pin i_daisy/rxp_datr_reg[2]/C is not reached by a timing clock
Related violations: <none>

TIMING-17#265 Critical Warning
Non-clocked sequential cell  
The clock pin i_daisy/rxp_datr_reg[3]/C is not reached by a timing clock
Related violations: <none>

TIMING-17#266 Critical Warning
Non-clocked sequential cell  
The clock pin i_daisy/rxp_datr_reg[4]/C is not reached by a timing clock
Related violations: <none>

TIMING-17#267 Critical Warning
Non-clocked sequential cell  
The clock pin i_daisy/rxp_datr_reg[5]/C is not reached by a timing clock
Related violations: <none>

TIMING-17#268 Critical Warning
Non-clocked sequential cell  
The clock pin i_daisy/rxp_datr_reg[6]/C is not reached by a timing clock
Related violations: <none>

TIMING-17#269 Critical Warning
Non-clocked sequential cell  
The clock pin i_daisy/rxp_datr_reg[7]/C is not reached by a timing clock
Related violations: <none>

TIMING-17#270 Critical Warning
Non-clocked sequential cell  
The clock pin i_daisy/rxp_datr_reg[8]/C is not reached by a timing clock
Related violations: <none>

TIMING-17#271 Critical Warning
Non-clocked sequential cell  
The clock pin i_daisy/rxp_datr_reg[9]/C is not reached by a timing clock
Related violations: <none>

TIMING-17#272 Critical Warning
Non-clocked sequential cell  
The clock pin i_daisy/rxp_dv_n_reg/C is not reached by a timing clock
Related violations: <none>

TIMING-17#273 Critical Warning
Non-clocked sequential cell  
The clock pin i_daisy/rxp_dvr_reg/C is not reached by a timing clock
Related violations: <none>

TIMING-17#274 Critical Warning
Non-clocked sequential cell  
The clock pin i_hk/i_DNA/CLK is not reached by a timing clock
Related violations: <none>

CKBF-1#1 Warning
connects_I_driver_BUFR  
The BUFG cell i_daisy/i_rx/i_parclk_buf I pin is driven by a BUFR cell i_daisy/i_rx/i_BUFR_clk. For 7-Series devices, this is not a recommended clock topology. Please analyze your clock network and remove the BUFR to BUFG cascade.
Related violations: <none>

SYNTH-6#1 Warning
Timing of a RAM block might be sub-optimal  
The timing for the instance i_asg/ch[0]/dac_buf_reg_1, implemented as a RAM block, might be sub-optimal as no output register was merged into the block.
Related violations: <none>

SYNTH-6#2 Warning
Timing of a RAM block might be sub-optimal  
The timing for the instance i_asg/ch[0]/dac_buf_reg_3, implemented as a RAM block, might be sub-optimal as no output register was merged into the block.
Related violations: <none>

SYNTH-6#3 Warning
Timing of a RAM block might be sub-optimal  
The timing for the instance i_asg/ch[0]/dac_buf_reg_5, implemented as a RAM block, might be sub-optimal as no output register was merged into the block.
Related violations: <none>

SYNTH-6#4 Warning
Timing of a RAM block might be sub-optimal  
The timing for the instance i_asg/ch[0]/dac_buf_reg_6, implemented as a RAM block, might be sub-optimal as no output register was merged into the block.
Related violations: <none>

SYNTH-6#5 Warning
Timing of a RAM block might be sub-optimal  
The timing for the instance i_asg/ch[1]/dac_buf_reg_1, implemented as a RAM block, might be sub-optimal as no output register was merged into the block.
Related violations: <none>

SYNTH-6#6 Warning
Timing of a RAM block might be sub-optimal  
The timing for the instance i_asg/ch[1]/dac_buf_reg_4, implemented as a RAM block, might be sub-optimal as no output register was merged into the block.
Related violations: <none>

SYNTH-6#7 Warning
Timing of a RAM block might be sub-optimal  
The timing for the instance i_asg/ch[1]/dac_buf_reg_5, implemented as a RAM block, might be sub-optimal as no output register was merged into the block.
Related violations: <none>

SYNTH-6#8 Warning
Timing of a RAM block might be sub-optimal  
The timing for the instance i_scope/adc_b_buf_reg_0, implemented as a RAM block, might be sub-optimal as no output register was merged into the block.
Related violations: <none>

SYNTH-6#9 Warning
Timing of a RAM block might be sub-optimal  
The timing for the instance i_scope/adc_b_buf_reg_6, implemented as a RAM block, might be sub-optimal as no output register was merged into the block.
Related violations: <none>

SYNTH-6#10 Warning
Timing of a RAM block might be sub-optimal  
The timing for the instance i_scope/i_wr0/fifo_reg, implemented as a RAM block, might be sub-optimal as no output register was merged into the block.
Related violations: <none>

SYNTH-6#11 Warning
Timing of a RAM block might be sub-optimal  
The timing for the instance i_scope/i_wr1/fifo_reg, implemented as a RAM block, might be sub-optimal as no output register was merged into the block.
Related violations: <none>

SYNTH-11#1 Warning
DSP output not registered  
DSP instance i_scope/i_dfilt1_cha/pp_mult is not fully pipelined on the output side. MREG/PREG are not used.
Related violations: <none>

SYNTH-11#2 Warning
DSP output not registered  
DSP instance i_scope/i_dfilt1_cha/r3_sum is not fully pipelined on the output side. MREG/PREG are not used.
Related violations: <none>

SYNTH-11#3 Warning
DSP output not registered  
DSP instance i_scope/i_dfilt1_cha/r3_sum__0 is not fully pipelined on the output side. MREG/PREG are not used.
Related violations: <none>

SYNTH-11#4 Warning
DSP output not registered  
DSP instance i_scope/i_dfilt1_chb/pp_mult is not fully pipelined on the output side. MREG/PREG are not used.
Related violations: <none>

SYNTH-11#5 Warning
DSP output not registered  
DSP instance i_scope/i_dfilt1_chb/r3_sum is not fully pipelined on the output side. MREG/PREG are not used.
Related violations: <none>

SYNTH-11#6 Warning
DSP output not registered  
DSP instance i_scope/i_dfilt1_chb/r3_sum__0 is not fully pipelined on the output side. MREG/PREG are not used.
Related violations: <none>

SYNTH-16#1 Warning
Address collision  
Block RAM i_asg/ch[0]/dac_buf_reg_0 may get memory collision error if read and write address collide. Use of address collision resolution circuitry is recommended.
Related violations: <none>

SYNTH-16#2 Warning
Address collision  
Block RAM i_asg/ch[0]/dac_buf_reg_1 may get memory collision error if read and write address collide. Use of address collision resolution circuitry is recommended.
Related violations: <none>

SYNTH-16#3 Warning
Address collision  
Block RAM i_asg/ch[0]/dac_buf_reg_2 may get memory collision error if read and write address collide. Use of address collision resolution circuitry is recommended.
Related violations: <none>

SYNTH-16#4 Warning
Address collision  
Block RAM i_asg/ch[0]/dac_buf_reg_3 may get memory collision error if read and write address collide. Use of address collision resolution circuitry is recommended.
Related violations: <none>

SYNTH-16#5 Warning
Address collision  
Block RAM i_asg/ch[0]/dac_buf_reg_4 may get memory collision error if read and write address collide. Use of address collision resolution circuitry is recommended.
Related violations: <none>

SYNTH-16#6 Warning
Address collision  
Block RAM i_asg/ch[0]/dac_buf_reg_5 may get memory collision error if read and write address collide. Use of address collision resolution circuitry is recommended.
Related violations: <none>

SYNTH-16#7 Warning
Address collision  
Block RAM i_asg/ch[0]/dac_buf_reg_6 may get memory collision error if read and write address collide. Use of address collision resolution circuitry is recommended.
Related violations: <none>

SYNTH-16#8 Warning
Address collision  
Block RAM i_asg/ch[1]/dac_buf_reg_0 may get memory collision error if read and write address collide. Use of address collision resolution circuitry is recommended.
Related violations: <none>

SYNTH-16#9 Warning
Address collision  
Block RAM i_asg/ch[1]/dac_buf_reg_1 may get memory collision error if read and write address collide. Use of address collision resolution circuitry is recommended.
Related violations: <none>

SYNTH-16#10 Warning
Address collision  
Block RAM i_asg/ch[1]/dac_buf_reg_2 may get memory collision error if read and write address collide. Use of address collision resolution circuitry is recommended.
Related violations: <none>

SYNTH-16#11 Warning
Address collision  
Block RAM i_asg/ch[1]/dac_buf_reg_3 may get memory collision error if read and write address collide. Use of address collision resolution circuitry is recommended.
Related violations: <none>

SYNTH-16#12 Warning
Address collision  
Block RAM i_asg/ch[1]/dac_buf_reg_4 may get memory collision error if read and write address collide. Use of address collision resolution circuitry is recommended.
Related violations: <none>

SYNTH-16#13 Warning
Address collision  
Block RAM i_asg/ch[1]/dac_buf_reg_5 may get memory collision error if read and write address collide. Use of address collision resolution circuitry is recommended.
Related violations: <none>

SYNTH-16#14 Warning
Address collision  
Block RAM i_asg/ch[1]/dac_buf_reg_6 may get memory collision error if read and write address collide. Use of address collision resolution circuitry is recommended.
Related violations: <none>

TIMING-10#1 Warning
Missing property on synchronizer  
One or more logic synchronizer has been detected between 2 clock domains but the synchronizer does not have the property ASYNC_REG defined on one or both registers. It is recommended to run report_cdc for a complete and detailed CDC coverage
Related violations: <none>

TIMING-18#1 Warning
Missing input or output delay  
An input delay is missing on exp_n_io[0] relative to clock(s) adc_clk
Related violations: <none>

TIMING-18#2 Warning
Missing input or output delay  
An input delay is missing on exp_n_io[1] relative to clock(s) adc_clk
Related violations: <none>

TIMING-18#3 Warning
Missing input or output delay  
An input delay is missing on exp_n_io[2] relative to clock(s) adc_clk
Related violations: <none>

TIMING-18#4 Warning
Missing input or output delay  
An input delay is missing on exp_n_io[3] relative to clock(s) adc_clk
Related violations: <none>

TIMING-18#5 Warning
Missing input or output delay  
An input delay is missing on exp_n_io[4] relative to clock(s) adc_clk
Related violations: <none>

TIMING-18#6 Warning
Missing input or output delay  
An input delay is missing on exp_n_io[5] relative to clock(s) adc_clk
Related violations: <none>

TIMING-18#7 Warning
Missing input or output delay  
An input delay is missing on exp_n_io[6] relative to clock(s) adc_clk
Related violations: <none>

TIMING-18#8 Warning
Missing input or output delay  
An input delay is missing on exp_n_io[7] relative to clock(s) adc_clk
Related violations: <none>

TIMING-18#9 Warning
Missing input or output delay  
An input delay is missing on exp_p_io[0] relative to clock(s) adc_clk
Related violations: <none>

TIMING-18#10 Warning
Missing input or output delay  
An input delay is missing on exp_p_io[1] relative to clock(s) adc_clk
Related violations: <none>

TIMING-18#11 Warning
Missing input or output delay  
An input delay is missing on exp_p_io[2] relative to clock(s) adc_clk
Related violations: <none>

TIMING-18#12 Warning
Missing input or output delay  
An input delay is missing on exp_p_io[3] relative to clock(s) adc_clk
Related violations: <none>

TIMING-18#13 Warning
Missing input or output delay  
An input delay is missing on exp_p_io[4] relative to clock(s) adc_clk
Related violations: <none>

TIMING-18#14 Warning
Missing input or output delay  
An input delay is missing on exp_p_io[5] relative to clock(s) adc_clk
Related violations: <none>

TIMING-18#15 Warning
Missing input or output delay  
An input delay is missing on exp_p_io[6] relative to clock(s) adc_clk
Related violations: <none>

TIMING-18#16 Warning
Missing input or output delay  
An input delay is missing on exp_p_io[7] relative to clock(s) adc_clk
Related violations: <none>

TIMING-18#17 Warning
Missing input or output delay  
An input delay is missing on led_o[0] relative to clock(s) adc_clk
Related violations: <none>

TIMING-18#18 Warning
Missing input or output delay  
An input delay is missing on led_o[1] relative to clock(s) adc_clk
Related violations: <none>

TIMING-18#19 Warning
Missing input or output delay  
An input delay is missing on led_o[2] relative to clock(s) adc_clk
Related violations: <none>

TIMING-18#20 Warning
Missing input or output delay  
An input delay is missing on led_o[3] relative to clock(s) adc_clk
Related violations: <none>

TIMING-18#21 Warning
Missing input or output delay  
An input delay is missing on led_o[4] relative to clock(s) adc_clk
Related violations: <none>

TIMING-18#22 Warning
Missing input or output delay  
An input delay is missing on led_o[5] relative to clock(s) adc_clk
Related violations: <none>

TIMING-18#23 Warning
Missing input or output delay  
An input delay is missing on led_o[6] relative to clock(s) adc_clk
Related violations: <none>

TIMING-18#24 Warning
Missing input or output delay  
An input delay is missing on led_o[7] relative to clock(s) adc_clk
Related violations: <none>

TIMING-18#25 Warning
Missing input or output delay  
An output delay is missing on dac_dat_o[0] relative to clock(s) adc_clk
Related violations: <none>

TIMING-18#26 Warning
Missing input or output delay  
An output delay is missing on dac_dat_o[10] relative to clock(s) adc_clk
Related violations: <none>

TIMING-18#27 Warning
Missing input or output delay  
An output delay is missing on dac_dat_o[11] relative to clock(s) adc_clk
Related violations: <none>

TIMING-18#28 Warning
Missing input or output delay  
An output delay is missing on dac_dat_o[12] relative to clock(s) adc_clk
Related violations: <none>

TIMING-18#29 Warning
Missing input or output delay  
An output delay is missing on dac_dat_o[13] relative to clock(s) adc_clk
Related violations: <none>

TIMING-18#30 Warning
Missing input or output delay  
An output delay is missing on dac_dat_o[1] relative to clock(s) adc_clk
Related violations: <none>

TIMING-18#31 Warning
Missing input or output delay  
An output delay is missing on dac_dat_o[2] relative to clock(s) adc_clk
Related violations: <none>

TIMING-18#32 Warning
Missing input or output delay  
An output delay is missing on dac_dat_o[3] relative to clock(s) adc_clk
Related violations: <none>

TIMING-18#33 Warning
Missing input or output delay  
An output delay is missing on dac_dat_o[4] relative to clock(s) adc_clk
Related violations: <none>

TIMING-18#34 Warning
Missing input or output delay  
An output delay is missing on dac_dat_o[5] relative to clock(s) adc_clk
Related violations: <none>

TIMING-18#35 Warning
Missing input or output delay  
An output delay is missing on dac_dat_o[6] relative to clock(s) adc_clk
Related violations: <none>

TIMING-18#36 Warning
Missing input or output delay  
An output delay is missing on dac_dat_o[7] relative to clock(s) adc_clk
Related violations: <none>

TIMING-18#37 Warning
Missing input or output delay  
An output delay is missing on dac_dat_o[8] relative to clock(s) adc_clk
Related violations: <none>

TIMING-18#38 Warning
Missing input or output delay  
An output delay is missing on dac_dat_o[9] relative to clock(s) adc_clk
Related violations: <none>

TIMING-18#39 Warning
Missing input or output delay  
An output delay is missing on dac_pwm_o[0] relative to clock(s) adc_clk
Related violations: <none>

TIMING-18#40 Warning
Missing input or output delay  
An output delay is missing on dac_pwm_o[1] relative to clock(s) adc_clk
Related violations: <none>

TIMING-18#41 Warning
Missing input or output delay  
An output delay is missing on dac_pwm_o[2] relative to clock(s) adc_clk
Related violations: <none>

TIMING-18#42 Warning
Missing input or output delay  
An output delay is missing on dac_pwm_o[3] relative to clock(s) adc_clk
Related violations: <none>

TIMING-18#43 Warning
Missing input or output delay  
An output delay is missing on dac_rst_o relative to clock(s) adc_clk
Related violations: <none>

TIMING-18#44 Warning
Missing input or output delay  
An output delay is missing on dac_sel_o relative to clock(s) adc_clk
Related violations: <none>

TIMING-18#45 Warning
Missing input or output delay  
An output delay is missing on daisy_n_o[0] relative to clock(s) adc_clk
Related violations: <none>

TIMING-18#46 Warning
Missing input or output delay  
An output delay is missing on daisy_n_o[1] relative to clock(s) adc_clk
Related violations: <none>

TIMING-18#47 Warning
Missing input or output delay  
An output delay is missing on daisy_p_o[0] relative to clock(s) adc_clk
Related violations: <none>

TIMING-18#48 Warning
Missing input or output delay  
An output delay is missing on daisy_p_o[1] relative to clock(s) adc_clk
Related violations: <none>

TIMING-20#1 Warning
Non-clocked latch  
The latch i_daisy/txp_dat_reg[0] cannot be properly analyzed as its control pin i_daisy/txp_dat_reg[0]/G is not reached by a timing clock
Related violations: <none>

TIMING-20#2 Warning
Non-clocked latch  
The latch i_daisy/txp_dat_reg[10] cannot be properly analyzed as its control pin i_daisy/txp_dat_reg[10]/G is not reached by a timing clock
Related violations: <none>

TIMING-20#3 Warning
Non-clocked latch  
The latch i_daisy/txp_dat_reg[11] cannot be properly analyzed as its control pin i_daisy/txp_dat_reg[11]/G is not reached by a timing clock
Related violations: <none>

TIMING-20#4 Warning
Non-clocked latch  
The latch i_daisy/txp_dat_reg[12] cannot be properly analyzed as its control pin i_daisy/txp_dat_reg[12]/G is not reached by a timing clock
Related violations: <none>

TIMING-20#5 Warning
Non-clocked latch  
The latch i_daisy/txp_dat_reg[13] cannot be properly analyzed as its control pin i_daisy/txp_dat_reg[13]/G is not reached by a timing clock
Related violations: <none>

TIMING-20#6 Warning
Non-clocked latch  
The latch i_daisy/txp_dat_reg[14] cannot be properly analyzed as its control pin i_daisy/txp_dat_reg[14]/G is not reached by a timing clock
Related violations: <none>

TIMING-20#7 Warning
Non-clocked latch  
The latch i_daisy/txp_dat_reg[15] cannot be properly analyzed as its control pin i_daisy/txp_dat_reg[15]/G is not reached by a timing clock
Related violations: <none>

TIMING-20#8 Warning
Non-clocked latch  
The latch i_daisy/txp_dat_reg[1] cannot be properly analyzed as its control pin i_daisy/txp_dat_reg[1]/G is not reached by a timing clock
Related violations: <none>

TIMING-20#9 Warning
Non-clocked latch  
The latch i_daisy/txp_dat_reg[2] cannot be properly analyzed as its control pin i_daisy/txp_dat_reg[2]/G is not reached by a timing clock
Related violations: <none>

TIMING-20#10 Warning
Non-clocked latch  
The latch i_daisy/txp_dat_reg[3] cannot be properly analyzed as its control pin i_daisy/txp_dat_reg[3]/G is not reached by a timing clock
Related violations: <none>

TIMING-20#11 Warning
Non-clocked latch  
The latch i_daisy/txp_dat_reg[4] cannot be properly analyzed as its control pin i_daisy/txp_dat_reg[4]/G is not reached by a timing clock
Related violations: <none>

TIMING-20#12 Warning
Non-clocked latch  
The latch i_daisy/txp_dat_reg[5] cannot be properly analyzed as its control pin i_daisy/txp_dat_reg[5]/G is not reached by a timing clock
Related violations: <none>

TIMING-20#13 Warning
Non-clocked latch  
The latch i_daisy/txp_dat_reg[6] cannot be properly analyzed as its control pin i_daisy/txp_dat_reg[6]/G is not reached by a timing clock
Related violations: <none>

TIMING-20#14 Warning
Non-clocked latch  
The latch i_daisy/txp_dat_reg[7] cannot be properly analyzed as its control pin i_daisy/txp_dat_reg[7]/G is not reached by a timing clock
Related violations: <none>

TIMING-20#15 Warning
Non-clocked latch  
The latch i_daisy/txp_dat_reg[8] cannot be properly analyzed as its control pin i_daisy/txp_dat_reg[8]/G is not reached by a timing clock
Related violations: <none>

TIMING-20#16 Warning
Non-clocked latch  
The latch i_daisy/txp_dat_reg[9] cannot be properly analyzed as its control pin i_daisy/txp_dat_reg[9]/G is not reached by a timing clock
Related violations: <none>

TIMING-20#17 Warning
Non-clocked latch  
The latch i_daisy/txp_dv_reg cannot be properly analyzed as its control pin i_daisy/txp_dv_reg/G is not reached by a timing clock
Related violations: <none>

TIMING-28#1 Warning
Auto-derived clock referenced by a timing constraint  
The auto-derived clock pll_adc_clk is referenced by name inside timing constraint (see constraint position 13 in the Timing Constraint window in Vivado IDE). It is recommended to reference an auto-derived clock by the pin name attached to the clock: get_clocks -of_objects [get_pins pll/pll/CLKOUT0]
Related violations: <none>

XDCC-5#1 Warning
User Non-Timing constraint/property overwritten  
A new XDC property IOSTANDARD on dac_pwm_o[0] overrides a previous user property.
New Source: C:/Users/rinu2/Documents/kichi@git/RedPitaya-FPGA/prj/Examples/Simple Moving Average/project/redpitaya.srcs/constrs_1/imports/RedPitaya-FPGA/sdc/red_pitaya.xdc (Line: 111)
Previous Source: C:/Users/rinu2/Documents/kichi@git/RedPitaya-FPGA/prj/Examples/Simple Moving Average/project/redpitaya.srcs/constrs_1/imports/RedPitaya-FPGA/sdc/red_pitaya.xdc (Line: 100)
Related violations: <none>

XDCC-5#2 Warning
User Non-Timing constraint/property overwritten  
A new XDC property IOSTANDARD on dac_pwm_o[1] overrides a previous user property.
New Source: C:/Users/rinu2/Documents/kichi@git/RedPitaya-FPGA/prj/Examples/Simple Moving Average/project/redpitaya.srcs/constrs_1/imports/RedPitaya-FPGA/sdc/red_pitaya.xdc (Line: 111)
Previous Source: C:/Users/rinu2/Documents/kichi@git/RedPitaya-FPGA/prj/Examples/Simple Moving Average/project/redpitaya.srcs/constrs_1/imports/RedPitaya-FPGA/sdc/red_pitaya.xdc (Line: 100)
Related violations: <none>

XDCC-5#3 Warning
User Non-Timing constraint/property overwritten  
A new XDC property IOSTANDARD on dac_pwm_o[2] overrides a previous user property.
New Source: C:/Users/rinu2/Documents/kichi@git/RedPitaya-FPGA/prj/Examples/Simple Moving Average/project/redpitaya.srcs/constrs_1/imports/RedPitaya-FPGA/sdc/red_pitaya.xdc (Line: 111)
Previous Source: C:/Users/rinu2/Documents/kichi@git/RedPitaya-FPGA/prj/Examples/Simple Moving Average/project/redpitaya.srcs/constrs_1/imports/RedPitaya-FPGA/sdc/red_pitaya.xdc (Line: 100)
Related violations: <none>

XDCC-5#4 Warning
User Non-Timing constraint/property overwritten  
A new XDC property IOSTANDARD on dac_pwm_o[3] overrides a previous user property.
New Source: C:/Users/rinu2/Documents/kichi@git/RedPitaya-FPGA/prj/Examples/Simple Moving Average/project/redpitaya.srcs/constrs_1/imports/RedPitaya-FPGA/sdc/red_pitaya.xdc (Line: 111)
Previous Source: C:/Users/rinu2/Documents/kichi@git/RedPitaya-FPGA/prj/Examples/Simple Moving Average/project/redpitaya.srcs/constrs_1/imports/RedPitaya-FPGA/sdc/red_pitaya.xdc (Line: 100)
Related violations: <none>

XDCH-2#1 Warning
Same min and max delay values on IO port  
The same input delay of 3.400 ns has been defined on port 'adc_dat_i[0][0]' relative to clock adc_clk for both max and min. Make sure this reflects the design intent.
set_input_delay -clock adc_clk 3.400 [get_ports {adc_dat_i[*][*]}]
C:/Users/rinu2/Documents/kichi@git/RedPitaya-FPGA/prj/Examples/Simple Moving Average/project/redpitaya.srcs/constrs_1/imports/RedPitaya-FPGA/sdc/red_pitaya.xdc (Line: 202)
Related violations: <none>

XDCH-2#2 Warning
Same min and max delay values on IO port  
The same input delay of 3.400 ns has been defined on port 'adc_dat_i[0][10]' relative to clock adc_clk for both max and min. Make sure this reflects the design intent.
set_input_delay -clock adc_clk 3.400 [get_ports {adc_dat_i[*][*]}]
C:/Users/rinu2/Documents/kichi@git/RedPitaya-FPGA/prj/Examples/Simple Moving Average/project/redpitaya.srcs/constrs_1/imports/RedPitaya-FPGA/sdc/red_pitaya.xdc (Line: 202)
Related violations: <none>

XDCH-2#3 Warning
Same min and max delay values on IO port  
The same input delay of 3.400 ns has been defined on port 'adc_dat_i[0][11]' relative to clock adc_clk for both max and min. Make sure this reflects the design intent.
set_input_delay -clock adc_clk 3.400 [get_ports {adc_dat_i[*][*]}]
C:/Users/rinu2/Documents/kichi@git/RedPitaya-FPGA/prj/Examples/Simple Moving Average/project/redpitaya.srcs/constrs_1/imports/RedPitaya-FPGA/sdc/red_pitaya.xdc (Line: 202)
Related violations: <none>

XDCH-2#4 Warning
Same min and max delay values on IO port  
The same input delay of 3.400 ns has been defined on port 'adc_dat_i[0][12]' relative to clock adc_clk for both max and min. Make sure this reflects the design intent.
set_input_delay -clock adc_clk 3.400 [get_ports {adc_dat_i[*][*]}]
C:/Users/rinu2/Documents/kichi@git/RedPitaya-FPGA/prj/Examples/Simple Moving Average/project/redpitaya.srcs/constrs_1/imports/RedPitaya-FPGA/sdc/red_pitaya.xdc (Line: 202)
Related violations: <none>

XDCH-2#5 Warning
Same min and max delay values on IO port  
The same input delay of 3.400 ns has been defined on port 'adc_dat_i[0][13]' relative to clock adc_clk for both max and min. Make sure this reflects the design intent.
set_input_delay -clock adc_clk 3.400 [get_ports {adc_dat_i[*][*]}]
C:/Users/rinu2/Documents/kichi@git/RedPitaya-FPGA/prj/Examples/Simple Moving Average/project/redpitaya.srcs/constrs_1/imports/RedPitaya-FPGA/sdc/red_pitaya.xdc (Line: 202)
Related violations: <none>

XDCH-2#6 Warning
Same min and max delay values on IO port  
The same input delay of 3.400 ns has been defined on port 'adc_dat_i[0][14]' relative to clock adc_clk for both max and min. Make sure this reflects the design intent.
set_input_delay -clock adc_clk 3.400 [get_ports {adc_dat_i[*][*]}]
C:/Users/rinu2/Documents/kichi@git/RedPitaya-FPGA/prj/Examples/Simple Moving Average/project/redpitaya.srcs/constrs_1/imports/RedPitaya-FPGA/sdc/red_pitaya.xdc (Line: 202)
Related violations: <none>

XDCH-2#7 Warning
Same min and max delay values on IO port  
The same input delay of 3.400 ns has been defined on port 'adc_dat_i[0][15]' relative to clock adc_clk for both max and min. Make sure this reflects the design intent.
set_input_delay -clock adc_clk 3.400 [get_ports {adc_dat_i[*][*]}]
C:/Users/rinu2/Documents/kichi@git/RedPitaya-FPGA/prj/Examples/Simple Moving Average/project/redpitaya.srcs/constrs_1/imports/RedPitaya-FPGA/sdc/red_pitaya.xdc (Line: 202)
Related violations: <none>

XDCH-2#8 Warning
Same min and max delay values on IO port  
The same input delay of 3.400 ns has been defined on port 'adc_dat_i[0][1]' relative to clock adc_clk for both max and min. Make sure this reflects the design intent.
set_input_delay -clock adc_clk 3.400 [get_ports {adc_dat_i[*][*]}]
C:/Users/rinu2/Documents/kichi@git/RedPitaya-FPGA/prj/Examples/Simple Moving Average/project/redpitaya.srcs/constrs_1/imports/RedPitaya-FPGA/sdc/red_pitaya.xdc (Line: 202)
Related violations: <none>

XDCH-2#9 Warning
Same min and max delay values on IO port  
The same input delay of 3.400 ns has been defined on port 'adc_dat_i[0][2]' relative to clock adc_clk for both max and min. Make sure this reflects the design intent.
set_input_delay -clock adc_clk 3.400 [get_ports {adc_dat_i[*][*]}]
C:/Users/rinu2/Documents/kichi@git/RedPitaya-FPGA/prj/Examples/Simple Moving Average/project/redpitaya.srcs/constrs_1/imports/RedPitaya-FPGA/sdc/red_pitaya.xdc (Line: 202)
Related violations: <none>

XDCH-2#10 Warning
Same min and max delay values on IO port  
The same input delay of 3.400 ns has been defined on port 'adc_dat_i[0][3]' relative to clock adc_clk for both max and min. Make sure this reflects the design intent.
set_input_delay -clock adc_clk 3.400 [get_ports {adc_dat_i[*][*]}]
C:/Users/rinu2/Documents/kichi@git/RedPitaya-FPGA/prj/Examples/Simple Moving Average/project/redpitaya.srcs/constrs_1/imports/RedPitaya-FPGA/sdc/red_pitaya.xdc (Line: 202)
Related violations: <none>

XDCH-2#11 Warning
Same min and max delay values on IO port  
The same input delay of 3.400 ns has been defined on port 'adc_dat_i[0][4]' relative to clock adc_clk for both max and min. Make sure this reflects the design intent.
set_input_delay -clock adc_clk 3.400 [get_ports {adc_dat_i[*][*]}]
C:/Users/rinu2/Documents/kichi@git/RedPitaya-FPGA/prj/Examples/Simple Moving Average/project/redpitaya.srcs/constrs_1/imports/RedPitaya-FPGA/sdc/red_pitaya.xdc (Line: 202)
Related violations: <none>

XDCH-2#12 Warning
Same min and max delay values on IO port  
The same input delay of 3.400 ns has been defined on port 'adc_dat_i[0][5]' relative to clock adc_clk for both max and min. Make sure this reflects the design intent.
set_input_delay -clock adc_clk 3.400 [get_ports {adc_dat_i[*][*]}]
C:/Users/rinu2/Documents/kichi@git/RedPitaya-FPGA/prj/Examples/Simple Moving Average/project/redpitaya.srcs/constrs_1/imports/RedPitaya-FPGA/sdc/red_pitaya.xdc (Line: 202)
Related violations: <none>

XDCH-2#13 Warning
Same min and max delay values on IO port  
The same input delay of 3.400 ns has been defined on port 'adc_dat_i[0][6]' relative to clock adc_clk for both max and min. Make sure this reflects the design intent.
set_input_delay -clock adc_clk 3.400 [get_ports {adc_dat_i[*][*]}]
C:/Users/rinu2/Documents/kichi@git/RedPitaya-FPGA/prj/Examples/Simple Moving Average/project/redpitaya.srcs/constrs_1/imports/RedPitaya-FPGA/sdc/red_pitaya.xdc (Line: 202)
Related violations: <none>

XDCH-2#14 Warning
Same min and max delay values on IO port  
The same input delay of 3.400 ns has been defined on port 'adc_dat_i[0][7]' relative to clock adc_clk for both max and min. Make sure this reflects the design intent.
set_input_delay -clock adc_clk 3.400 [get_ports {adc_dat_i[*][*]}]
C:/Users/rinu2/Documents/kichi@git/RedPitaya-FPGA/prj/Examples/Simple Moving Average/project/redpitaya.srcs/constrs_1/imports/RedPitaya-FPGA/sdc/red_pitaya.xdc (Line: 202)
Related violations: <none>

XDCH-2#15 Warning
Same min and max delay values on IO port  
The same input delay of 3.400 ns has been defined on port 'adc_dat_i[0][8]' relative to clock adc_clk for both max and min. Make sure this reflects the design intent.
set_input_delay -clock adc_clk 3.400 [get_ports {adc_dat_i[*][*]}]
C:/Users/rinu2/Documents/kichi@git/RedPitaya-FPGA/prj/Examples/Simple Moving Average/project/redpitaya.srcs/constrs_1/imports/RedPitaya-FPGA/sdc/red_pitaya.xdc (Line: 202)
Related violations: <none>

XDCH-2#16 Warning
Same min and max delay values on IO port  
The same input delay of 3.400 ns has been defined on port 'adc_dat_i[0][9]' relative to clock adc_clk for both max and min. Make sure this reflects the design intent.
set_input_delay -clock adc_clk 3.400 [get_ports {adc_dat_i[*][*]}]
C:/Users/rinu2/Documents/kichi@git/RedPitaya-FPGA/prj/Examples/Simple Moving Average/project/redpitaya.srcs/constrs_1/imports/RedPitaya-FPGA/sdc/red_pitaya.xdc (Line: 202)
Related violations: <none>

XDCH-2#17 Warning
Same min and max delay values on IO port  
The same input delay of 3.400 ns has been defined on port 'adc_dat_i[1][0]' relative to clock adc_clk for both max and min. Make sure this reflects the design intent.
set_input_delay -clock adc_clk 3.400 [get_ports {adc_dat_i[*][*]}]
C:/Users/rinu2/Documents/kichi@git/RedPitaya-FPGA/prj/Examples/Simple Moving Average/project/redpitaya.srcs/constrs_1/imports/RedPitaya-FPGA/sdc/red_pitaya.xdc (Line: 202)
Related violations: <none>

XDCH-2#18 Warning
Same min and max delay values on IO port  
The same input delay of 3.400 ns has been defined on port 'adc_dat_i[1][10]' relative to clock adc_clk for both max and min. Make sure this reflects the design intent.
set_input_delay -clock adc_clk 3.400 [get_ports {adc_dat_i[*][*]}]
C:/Users/rinu2/Documents/kichi@git/RedPitaya-FPGA/prj/Examples/Simple Moving Average/project/redpitaya.srcs/constrs_1/imports/RedPitaya-FPGA/sdc/red_pitaya.xdc (Line: 202)
Related violations: <none>

XDCH-2#19 Warning
Same min and max delay values on IO port  
The same input delay of 3.400 ns has been defined on port 'adc_dat_i[1][11]' relative to clock adc_clk for both max and min. Make sure this reflects the design intent.
set_input_delay -clock adc_clk 3.400 [get_ports {adc_dat_i[*][*]}]
C:/Users/rinu2/Documents/kichi@git/RedPitaya-FPGA/prj/Examples/Simple Moving Average/project/redpitaya.srcs/constrs_1/imports/RedPitaya-FPGA/sdc/red_pitaya.xdc (Line: 202)
Related violations: <none>

XDCH-2#20 Warning
Same min and max delay values on IO port  
The same input delay of 3.400 ns has been defined on port 'adc_dat_i[1][12]' relative to clock adc_clk for both max and min. Make sure this reflects the design intent.
set_input_delay -clock adc_clk 3.400 [get_ports {adc_dat_i[*][*]}]
C:/Users/rinu2/Documents/kichi@git/RedPitaya-FPGA/prj/Examples/Simple Moving Average/project/redpitaya.srcs/constrs_1/imports/RedPitaya-FPGA/sdc/red_pitaya.xdc (Line: 202)
Related violations: <none>

XDCH-2#21 Warning
Same min and max delay values on IO port  
The same input delay of 3.400 ns has been defined on port 'adc_dat_i[1][13]' relative to clock adc_clk for both max and min. Make sure this reflects the design intent.
set_input_delay -clock adc_clk 3.400 [get_ports {adc_dat_i[*][*]}]
C:/Users/rinu2/Documents/kichi@git/RedPitaya-FPGA/prj/Examples/Simple Moving Average/project/redpitaya.srcs/constrs_1/imports/RedPitaya-FPGA/sdc/red_pitaya.xdc (Line: 202)
Related violations: <none>

XDCH-2#22 Warning
Same min and max delay values on IO port  
The same input delay of 3.400 ns has been defined on port 'adc_dat_i[1][14]' relative to clock adc_clk for both max and min. Make sure this reflects the design intent.
set_input_delay -clock adc_clk 3.400 [get_ports {adc_dat_i[*][*]}]
C:/Users/rinu2/Documents/kichi@git/RedPitaya-FPGA/prj/Examples/Simple Moving Average/project/redpitaya.srcs/constrs_1/imports/RedPitaya-FPGA/sdc/red_pitaya.xdc (Line: 202)
Related violations: <none>

XDCH-2#23 Warning
Same min and max delay values on IO port  
The same input delay of 3.400 ns has been defined on port 'adc_dat_i[1][15]' relative to clock adc_clk for both max and min. Make sure this reflects the design intent.
set_input_delay -clock adc_clk 3.400 [get_ports {adc_dat_i[*][*]}]
C:/Users/rinu2/Documents/kichi@git/RedPitaya-FPGA/prj/Examples/Simple Moving Average/project/redpitaya.srcs/constrs_1/imports/RedPitaya-FPGA/sdc/red_pitaya.xdc (Line: 202)
Related violations: <none>

XDCH-2#24 Warning
Same min and max delay values on IO port  
The same input delay of 3.400 ns has been defined on port 'adc_dat_i[1][1]' relative to clock adc_clk for both max and min. Make sure this reflects the design intent.
set_input_delay -clock adc_clk 3.400 [get_ports {adc_dat_i[*][*]}]
C:/Users/rinu2/Documents/kichi@git/RedPitaya-FPGA/prj/Examples/Simple Moving Average/project/redpitaya.srcs/constrs_1/imports/RedPitaya-FPGA/sdc/red_pitaya.xdc (Line: 202)
Related violations: <none>

XDCH-2#25 Warning
Same min and max delay values on IO port  
The same input delay of 3.400 ns has been defined on port 'adc_dat_i[1][2]' relative to clock adc_clk for both max and min. Make sure this reflects the design intent.
set_input_delay -clock adc_clk 3.400 [get_ports {adc_dat_i[*][*]}]
C:/Users/rinu2/Documents/kichi@git/RedPitaya-FPGA/prj/Examples/Simple Moving Average/project/redpitaya.srcs/constrs_1/imports/RedPitaya-FPGA/sdc/red_pitaya.xdc (Line: 202)
Related violations: <none>

XDCH-2#26 Warning
Same min and max delay values on IO port  
The same input delay of 3.400 ns has been defined on port 'adc_dat_i[1][3]' relative to clock adc_clk for both max and min. Make sure this reflects the design intent.
set_input_delay -clock adc_clk 3.400 [get_ports {adc_dat_i[*][*]}]
C:/Users/rinu2/Documents/kichi@git/RedPitaya-FPGA/prj/Examples/Simple Moving Average/project/redpitaya.srcs/constrs_1/imports/RedPitaya-FPGA/sdc/red_pitaya.xdc (Line: 202)
Related violations: <none>

XDCH-2#27 Warning
Same min and max delay values on IO port  
The same input delay of 3.400 ns has been defined on port 'adc_dat_i[1][4]' relative to clock adc_clk for both max and min. Make sure this reflects the design intent.
set_input_delay -clock adc_clk 3.400 [get_ports {adc_dat_i[*][*]}]
C:/Users/rinu2/Documents/kichi@git/RedPitaya-FPGA/prj/Examples/Simple Moving Average/project/redpitaya.srcs/constrs_1/imports/RedPitaya-FPGA/sdc/red_pitaya.xdc (Line: 202)
Related violations: <none>

XDCH-2#28 Warning
Same min and max delay values on IO port  
The same input delay of 3.400 ns has been defined on port 'adc_dat_i[1][5]' relative to clock adc_clk for both max and min. Make sure this reflects the design intent.
set_input_delay -clock adc_clk 3.400 [get_ports {adc_dat_i[*][*]}]
C:/Users/rinu2/Documents/kichi@git/RedPitaya-FPGA/prj/Examples/Simple Moving Average/project/redpitaya.srcs/constrs_1/imports/RedPitaya-FPGA/sdc/red_pitaya.xdc (Line: 202)
Related violations: <none>

XDCH-2#29 Warning
Same min and max delay values on IO port  
The same input delay of 3.400 ns has been defined on port 'adc_dat_i[1][6]' relative to clock adc_clk for both max and min. Make sure this reflects the design intent.
set_input_delay -clock adc_clk 3.400 [get_ports {adc_dat_i[*][*]}]
C:/Users/rinu2/Documents/kichi@git/RedPitaya-FPGA/prj/Examples/Simple Moving Average/project/redpitaya.srcs/constrs_1/imports/RedPitaya-FPGA/sdc/red_pitaya.xdc (Line: 202)
Related violations: <none>

XDCH-2#30 Warning
Same min and max delay values on IO port  
The same input delay of 3.400 ns has been defined on port 'adc_dat_i[1][7]' relative to clock adc_clk for both max and min. Make sure this reflects the design intent.
set_input_delay -clock adc_clk 3.400 [get_ports {adc_dat_i[*][*]}]
C:/Users/rinu2/Documents/kichi@git/RedPitaya-FPGA/prj/Examples/Simple Moving Average/project/redpitaya.srcs/constrs_1/imports/RedPitaya-FPGA/sdc/red_pitaya.xdc (Line: 202)
Related violations: <none>

XDCH-2#31 Warning
Same min and max delay values on IO port  
The same input delay of 3.400 ns has been defined on port 'adc_dat_i[1][8]' relative to clock adc_clk for both max and min. Make sure this reflects the design intent.
set_input_delay -clock adc_clk 3.400 [get_ports {adc_dat_i[*][*]}]
C:/Users/rinu2/Documents/kichi@git/RedPitaya-FPGA/prj/Examples/Simple Moving Average/project/redpitaya.srcs/constrs_1/imports/RedPitaya-FPGA/sdc/red_pitaya.xdc (Line: 202)
Related violations: <none>

XDCH-2#32 Warning
Same min and max delay values on IO port  
The same input delay of 3.400 ns has been defined on port 'adc_dat_i[1][9]' relative to clock adc_clk for both max and min. Make sure this reflects the design intent.
set_input_delay -clock adc_clk 3.400 [get_ports {adc_dat_i[*][*]}]
C:/Users/rinu2/Documents/kichi@git/RedPitaya-FPGA/prj/Examples/Simple Moving Average/project/redpitaya.srcs/constrs_1/imports/RedPitaya-FPGA/sdc/red_pitaya.xdc (Line: 202)
Related violations: <none>

REQP-1959#1 Advisory
connects_SERDES_RST_driver_not_FF  
i_daisy/i_rx/i_iserdese: The RST pin should only be driven by a Flip-flop.
Related violations: <none>


